0 info it worked if it ends with ok
1 verbose cli [ 'd:\\nodejs\\node.exe',
1 verbose cli   'd:\\nodejs\\node_modules\\npm\\bin\\npm-cli.js',
1 verbose cli   'install',
1 verbose cli   'lessc',
1 verbose cli   '-g' ]
2 info using npm@1.4.28
3 info using node@v0.10.32
4 verbose cache add [ 'lessc', null ]
5 verbose cache add name=undefined spec="lessc" args=["lessc",null]
6 verbose parsed url { protocol: null,
6 verbose parsed url   slashes: null,
6 verbose parsed url   auth: null,
6 verbose parsed url   host: null,
6 verbose parsed url   port: null,
6 verbose parsed url   hostname: null,
6 verbose parsed url   hash: null,
6 verbose parsed url   search: null,
6 verbose parsed url   query: null,
6 verbose parsed url   pathname: 'lessc',
6 verbose parsed url   path: 'lessc',
6 verbose parsed url   href: 'lessc' }
7 silly lockFile 8b3a335c-lessc lessc
8 verbose lock lessc C:\Users\David\AppData\Roaming\npm-cache\8b3a335c-lessc.lock
9 silly lockFile 8b3a335c-lessc lessc
10 silly lockFile 8b3a335c-lessc lessc
11 verbose addNamed [ 'lessc', '' ]
12 verbose addNamed [ null, '*' ]
13 silly lockFile a47c36bc-lessc lessc@
14 verbose lock lessc@ C:\Users\David\AppData\Roaming\npm-cache\a47c36bc-lessc.lock
15 silly addNameRange { name: 'lessc', range: '*', hasData: false }
16 verbose request where is /lessc
17 verbose request registry https://registry.npmjs.org/
18 verbose request id df321a2ceb18b5d8
19 verbose url raw /lessc
20 verbose url resolving [ 'https://registry.npmjs.org/', './lessc' ]
21 verbose url resolved https://registry.npmjs.org/lessc
22 verbose request where is https://registry.npmjs.org/lessc
23 info trying registry request attempt 1 at 18:33:17
24 http GET https://registry.npmjs.org/lessc
25 http 404 https://registry.npmjs.org/lessc
26 verbose headers { date: 'Tue, 16 Dec 2014 17:33:17 GMT',
26 verbose headers   server: 'CouchDB/1.5.0 (Erlang OTP/R16B03)',
26 verbose headers   'content-type': 'application/json',
26 verbose headers   'cache-control': 'max-age=0',
26 verbose headers   'content-length': '52',
26 verbose headers   'accept-ranges': 'bytes',
26 verbose headers   via: '1.1 varnish',
26 verbose headers   age: '0',
26 verbose headers   'x-served-by': 'cache-fra1222-FRA',
26 verbose headers   'x-cache': 'MISS',
26 verbose headers   'x-cache-hits': '0',
26 verbose headers   'x-timer': 'S1418751197.366052,VS0,VE176',
26 verbose headers   'keep-alive': 'timeout=10, max=50',
26 verbose headers   connection: 'Keep-Alive' }
27 silly registry.get cb [ 404,
27 silly registry.get   { date: 'Tue, 16 Dec 2014 17:33:17 GMT',
27 silly registry.get     server: 'CouchDB/1.5.0 (Erlang OTP/R16B03)',
27 silly registry.get     'content-type': 'application/json',
27 silly registry.get     'cache-control': 'max-age=0',
27 silly registry.get     'content-length': '52',
27 silly registry.get     'accept-ranges': 'bytes',
27 silly registry.get     via: '1.1 varnish',
27 silly registry.get     age: '0',
27 silly registry.get     'x-served-by': 'cache-fra1222-FRA',
27 silly registry.get     'x-cache': 'MISS',
27 silly registry.get     'x-cache-hits': '0',
27 silly registry.get     'x-timer': 'S1418751197.366052,VS0,VE176',
27 silly registry.get     'keep-alive': 'timeout=10, max=50',
27 silly registry.get     connection: 'Keep-Alive' } ]
28 silly lockFile a47c36bc-lessc lessc@
29 silly lockFile a47c36bc-lessc lessc@
30 error 404 404 Not Found: lessc
30 error 404
30 error 404 'lessc' is not in the npm registry.
30 error 404 You should bug the author to publish it
30 error 404
30 error 404 Note that you can also install from a
30 error 404 tarball, folder, or http url, or git url.
31 error System Windows_NT 6.2.9200
32 error command "d:\\nodejs\\node.exe" "d:\\nodejs\\node_modules\\npm\\bin\\npm-cli.js" "install" "lessc" "-g"
33 error cwd d:\wamp\www\boilerplates\wpe\assets
34 error node -v v0.10.32
35 error npm -v 1.4.28
36 error code E404
37 verbose exit [ 1, true ]
